<?xml version="1.0" encoding="UTF-8"?>
<testsuite xmlns:xsi="http://www.w3.org/2001/XMLSchema-instance" xsi:noNamespaceSchemaLocation="https://maven.apache.org/surefire/maven-surefire-plugin/xsd/surefire-test-report-3.0.xsd" version="3.0" name="com.adobe.romannumeralservice.controllers.RomanNumeralControllerTest" time="4.127" tests="4" errors="0" skipped="0" failures="0">
  <properties>
[...]
</properties>
  <testcase name="testHome" classname="com.adobe.romannumeralservice.controllers.RomanNumeralControllerTest" time="0.974">
    <system-out><![CDATA[20:48:13.977 [main] INFO org.springframework.test.context.support.AnnotationConfigContextLoaderUtils -- Could not detect default configuration classes for test class [com.adobe.romannumeralservice.controllers.RomanNumeralControllerTest]: RomanNumeralControllerTest does not declare any static, non-private, non-final, nested classes annotated with @Configuration.
20:48:14.151 [main] INFO org.springframework.boot.test.context.SpringBootTestContextBootstrapper -- Found @SpringBootConfiguration com.adobe.romannumeralservice.RomannumeralserviceApplication for test class com.adobe.romannumeralservice.controllers.RomanNumeralControllerTest

  .   ____          _            __ _ _
 /\\ / ___'_ __ _ _(_)_ __  __ _ \ \ \ \
( ( )\___ | '_ | '_| | '_ \/ _` | \ \ \ \
 \\/  ___)| |_)| | | | | || (_| |  ) ) ) )
  '  |____| .__|_| |_|_| |_\__, | / / / /
 =========|_|==============|___/=/_/_/_/

 :: Spring Boot ::                (v3.3.2)

2024-08-13T20:48:14.636-05:00  INFO 34979 --- [romannumeralservice] [           main] c.a.r.c.RomanNumeralControllerTest       : Starting RomanNumeralControllerTest using Java 21.0.1 with PID 34979 (started by sai in /Users/sai/Documents/adobe/Untitled/romannumeralservice)
2024-08-13T20:48:14.638-05:00  INFO 34979 --- [romannumeralservice] [           main] c.a.r.c.RomanNumeralControllerTest       : No active profile set, falling back to 1 default profile: "default"
2024-08-13T20:48:14.655-05:00 DEBUG 34979 --- [romannumeralservice] [           main] o.s.w.c.s.GenericWebApplicationContext   : Refreshing org.springframework.web.context.support.GenericWebApplicationContext@2555fff0
2024-08-13T20:48:15.974-05:00 DEBUG 34979 --- [romannumeralservice] [           main] s.w.s.m.m.a.RequestMappingHandlerMapping : 4 mappings in 'requestMappingHandlerMapping'
2024-08-13T20:48:16.048-05:00 DEBUG 34979 --- [romannumeralservice] [           main] o.s.w.s.handler.SimpleUrlHandlerMapping  : Patterns [/webjars/**, /**] in 'resourceHandlerMapping'
2024-08-13T20:48:16.073-05:00 DEBUG 34979 --- [romannumeralservice] [           main] s.w.s.m.m.a.RequestMappingHandlerAdapter : ControllerAdvice beans: 0 @ModelAttribute, 0 @InitBinder, 1 RequestBodyAdvice, 1 ResponseBodyAdvice
2024-08-13T20:48:16.102-05:00 DEBUG 34979 --- [romannumeralservice] [           main] .m.m.a.ExceptionHandlerExceptionResolver : ControllerAdvice beans: 0 @ExceptionHandler, 1 ResponseBodyAdvice
2024-08-13T20:48:16.429-05:00 DEBUG 34979 --- [romannumeralservice] [           main] o.s.w.f.ServerHttpObservationFilter      : Filter 'webMvcObservationFilter' configured for use
2024-08-13T20:48:16.431-05:00  INFO 34979 --- [romannumeralservice] [           main] o.s.b.t.m.w.SpringBootMockServletContext : Initializing Spring TestDispatcherServlet ''
2024-08-13T20:48:16.432-05:00  INFO 34979 --- [romannumeralservice] [           main] o.s.t.web.servlet.TestDispatcherServlet  : Initializing Servlet ''
2024-08-13T20:48:16.449-05:00  INFO 34979 --- [romannumeralservice] [           main] o.s.b.a.e.web.EndpointLinksResolver      : Exposing 3 endpoints beneath base path '/actuator'
2024-08-13T20:48:16.465-05:00  INFO 34979 --- [romannumeralservice] [           main] o.s.t.web.servlet.TestDispatcherServlet  : Completed initialization in 33 ms
2024-08-13T20:48:16.559-05:00  INFO 34979 --- [romannumeralservice] [           main] c.a.r.c.RomanNumeralControllerTest       : Started RomanNumeralControllerTest in 2.259 seconds (process running for 3.603)
2024-08-13T20:48:17.614-05:00 DEBUG 34979 --- [romannumeralservice] [           main] s.w.s.m.m.a.RequestMappingHandlerMapping : Mapped to com.adobe.romannumeralservice.controllers.RomanNumeralController#home()
2024-08-13T20:48:17.642-05:00 DEBUG 34979 --- [romannumeralservice] [           main] m.m.a.RequestResponseBodyMethodProcessor : Using 'text/plain', given [*/*] and supported [text/plain, */*, application/json, application/*+json]
2024-08-13T20:48:17.644-05:00 DEBUG 34979 --- [romannumeralservice] [           main] m.m.a.RequestResponseBodyMethodProcessor : Writing ["Welcome to the Roman Numeral Converter API.<br>Use /romannumeral?query=INPUT_NUMBER to convert a spe (truncated)..."]
]]></system-out>
    <system-err><![CDATA[WARNING: A Java agent has been loaded dynamically (/Users/sai/.m2/repository/net/bytebuddy/byte-buddy-agent/1.14.18/byte-buddy-agent-1.14.18.jar)
WARNING: If a serviceability tool is in use, please run with -XX:+EnableDynamicAgentLoading to hide this warning
WARNING: If a serviceability tool is not in use, please run with -Djdk.instrument.traceUsage for more information
WARNING: Dynamic loading of agents will be disallowed by default in a future release
]]></system-err>
  </testcase>
  <testcase name="testGetRomanNumeralRange" classname="com.adobe.romannumeralservice.controllers.RomanNumeralControllerTest" time="0.107">
    <system-out><![CDATA[2024-08-13T20:48:17.676-05:00 DEBUG 34979 --- [romannumeralservice] [           main] s.w.s.m.m.a.RequestMappingHandlerMapping : Mapped to com.adobe.romannumeralservice.controllers.RomanNumeralController#getRomanNumeral(String, String, String)
2024-08-13T20:48:17.687-05:00  INFO 34979 --- [romannumeralservice] [           main] c.a.r.c.RomanNumeralController           : Received request - query: null, min: 1, max: 5
2024-08-13T20:48:17.701-05:00  INFO 34979 --- [romannumeralservice] [onPool-worker-1] c.a.r.services.RomanNumeralService       : Converting number: 1
2024-08-13T20:48:17.702-05:00  INFO 34979 --- [romannumeralservice] [onPool-worker-1] c.a.r.services.RomanNumeralService       : Converted number to Roman numeral: I
2024-08-13T20:48:17.702-05:00  INFO 34979 --- [romannumeralservice] [onPool-worker-1] c.a.r.services.RomanNumeralService       : Converting number: 3
2024-08-13T20:48:17.702-05:00  INFO 34979 --- [romannumeralservice] [onPool-worker-1] c.a.r.services.RomanNumeralService       : Converted number to Roman numeral: III
2024-08-13T20:48:17.702-05:00  INFO 34979 --- [romannumeralservice] [onPool-worker-1] c.a.r.services.RomanNumeralService       : Converting number: 4
2024-08-13T20:48:17.702-05:00  INFO 34979 --- [romannumeralservice] [onPool-worker-1] c.a.r.services.RomanNumeralService       : Converted number to Roman numeral: IV
2024-08-13T20:48:17.703-05:00  INFO 34979 --- [romannumeralservice] [onPool-worker-1] c.a.r.services.RomanNumeralService       : Converting number: 5
2024-08-13T20:48:17.703-05:00  INFO 34979 --- [romannumeralservice] [onPool-worker-1] c.a.r.services.RomanNumeralService       : Converted number to Roman numeral: V
2024-08-13T20:48:17.705-05:00  INFO 34979 --- [romannumeralservice] [onPool-worker-2] c.a.r.services.RomanNumeralService       : Converting number: 2
2024-08-13T20:48:17.705-05:00  INFO 34979 --- [romannumeralservice] [onPool-worker-2] c.a.r.services.RomanNumeralService       : Converted number to Roman numeral: II
2024-08-13T20:48:17.716-05:00 DEBUG 34979 --- [romannumeralservice] [           main] o.s.w.s.m.m.a.HttpEntityMethodProcessor  : Using 'application/json', given [*/*] and supported [application/json, application/*+json]
2024-08-13T20:48:17.718-05:00 DEBUG 34979 --- [romannumeralservice] [           main] o.s.w.s.m.m.a.HttpEntityMethodProcessor  : Writing [{conversions=[{input=1, output=I}, {input=2, output=II}, {input=3, output=III}, {input=4, output=IV} (truncated)...]
]]></system-out>
  </testcase>
  <testcase name="testGetRomanNumeralInvalidParameters" classname="com.adobe.romannumeralservice.controllers.RomanNumeralControllerTest" time="0.022">
    <system-out><![CDATA[2024-08-13T20:48:17.782-05:00 DEBUG 34979 --- [romannumeralservice] [           main] s.w.s.m.m.a.RequestMappingHandlerMapping : Mapped to com.adobe.romannumeralservice.controllers.RomanNumeralController#getRomanNumeral(String, String, String)
2024-08-13T20:48:17.783-05:00  INFO 34979 --- [romannumeralservice] [           main] c.a.r.c.RomanNumeralController           : Received request - query: 1, min: 5, max: 1
2024-08-13T20:48:17.784-05:00 DEBUG 34979 --- [romannumeralservice] [           main] o.s.w.s.m.m.a.HttpEntityMethodProcessor  : Using 'text/plain', given [*/*] and supported [text/plain, */*, application/json, application/*+json]
2024-08-13T20:48:17.785-05:00 DEBUG 34979 --- [romannumeralservice] [           main] o.s.w.s.m.m.a.HttpEntityMethodProcessor  : Writing ["Error: Invalid parameters. Please provide either 'query' or both 'min' and 'max'."]
2024-08-13T20:48:17.789-05:00 DEBUG 34979 --- [romannumeralservice] [           main] s.w.s.m.m.a.RequestMappingHandlerMapping : Mapped to com.adobe.romannumeralservice.controllers.RomanNumeralController#getRomanNumeral(String, String, String)
2024-08-13T20:48:17.789-05:00  INFO 34979 --- [romannumeralservice] [           main] c.a.r.c.RomanNumeralController           : Received request - query: null, min: 5, max: 1
2024-08-13T20:48:17.790-05:00 DEBUG 34979 --- [romannumeralservice] [           main] o.s.w.s.m.m.a.HttpEntityMethodProcessor  : Using 'text/plain', given [*/*] and supported [text/plain, */*, application/json, application/*+json]
2024-08-13T20:48:17.791-05:00 DEBUG 34979 --- [romannumeralservice] [           main] o.s.w.s.m.m.a.HttpEntityMethodProcessor  : Writing ["Error: Invalid range: 'min' should be less than 'max'."]
2024-08-13T20:48:17.795-05:00 DEBUG 34979 --- [romannumeralservice] [           main] s.w.s.m.m.a.RequestMappingHandlerMapping : Mapped to com.adobe.romannumeralservice.controllers.RomanNumeralController#getRomanNumeral(String, String, String)
2024-08-13T20:48:17.796-05:00  INFO 34979 --- [romannumeralservice] [           main] c.a.r.c.RomanNumeralController           : Received request - query: null, min: null, max: null
2024-08-13T20:48:17.797-05:00 DEBUG 34979 --- [romannumeralservice] [           main] o.s.w.s.m.m.a.HttpEntityMethodProcessor  : Using 'text/plain', given [*/*] and supported [text/plain, */*, application/json, application/*+json]
2024-08-13T20:48:17.797-05:00 DEBUG 34979 --- [romannumeralservice] [           main] o.s.w.s.m.m.a.HttpEntityMethodProcessor  : Writing ["Error: Invalid parameters. Please provide either 'query' or both 'min' and 'max'."]
]]></system-out>
  </testcase>
  <testcase name="testGetRomanNumeral" classname="com.adobe.romannumeralservice.controllers.RomanNumeralControllerTest" time="0.009">
    <system-out><![CDATA[2024-08-13T20:48:17.806-05:00 DEBUG 34979 --- [romannumeralservice] [           main] s.w.s.m.m.a.RequestMappingHandlerMapping : Mapped to com.adobe.romannumeralservice.controllers.RomanNumeralController#getRomanNumeral(String, String, String)
2024-08-13T20:48:17.806-05:00  INFO 34979 --- [romannumeralservice] [           main] c.a.r.c.RomanNumeralController           : Received request - query: 1, min: null, max: null
2024-08-13T20:48:17.806-05:00  INFO 34979 --- [romannumeralservice] [           main] c.a.r.services.RomanNumeralService       : Converting number: 1
2024-08-13T20:48:17.807-05:00  INFO 34979 --- [romannumeralservice] [           main] c.a.r.services.RomanNumeralService       : Converted number to Roman numeral: I
2024-08-13T20:48:17.807-05:00 DEBUG 34979 --- [romannumeralservice] [           main] o.s.w.s.m.m.a.HttpEntityMethodProcessor  : Using 'application/json', given [*/*] and supported [application/json, application/*+json]
2024-08-13T20:48:17.808-05:00 DEBUG 34979 --- [romannumeralservice] [           main] o.s.w.s.m.m.a.HttpEntityMethodProcessor  : Writing [{input=1, output=I}]
]]></system-out>
  </testcase>
</testsuite>